<?xml version="1.0" encoding="UTF-8"?>
<!-- Generated by org.testng.reporters.JUnitReportReporter -->
<testsuite hostname="DESKTOP-8C0LO3K" failures="0" tests="1" name="com.demowebshop.Utils.UniqueGenerator" time="0.091" errors="0" timestamp="2024-06-16T00:13:54 IST" skipped="0">
  <testcase classname="com.demowebshop.Utils.UniqueGenerator" name="test" time="0.091"/>
</testsuite> <!-- com.demowebshop.Utils.UniqueGenerator -->
