<?xml version="1.0" encoding="UTF-8"?>
<!-- Generated by org.testng.reporters.JUnitReportReporter -->
<testsuite hostname="HELLLO" failures="0" tests="4" name="com.automationFW.tests.LoginUser" time="83.824" errors="0" timestamp="2024-09-14T13:54:31 IST" skipped="0">
  <testcase classname="com.automationFW.tests.LoginUser" name="verifyUserIsAbletoSignupAndLoginWithValidEmailPass" time="28.952"/>
  <testcase classname="com.automationFW.tests.LoginUser" name="verifyUserIsNotAbletoLoginWithIncorrectEmailAndPass" time="17.451"/>
  <testcase classname="com.automationFW.tests.LoginUser" name="verifyUserIsNotAbletoRegisterWithExistingEMail" time="19.163"/>
  <testcase classname="com.automationFW.tests.LoginUser" name="verifyUserIsAbletoSignupAndLoginWithValidEmailPassAndDeleteAccount" time="18.258"/>
</testsuite> <!-- com.automationFW.tests.LoginUser -->
