<?xml version="1.0" encoding="UTF-8"?>
<!-- Generated by org.testng.reporters.JUnitReportReporter -->
<testsuite hostname="HELLLO" failures="0" tests="2" name="com.automationFW.tests.LoginUser" time="46.129" errors="0" timestamp="2024-09-05T01:04:52 IST" skipped="0">
  <testcase classname="com.automationFW.tests.LoginUser" name="verifyUserIsAbletoSignupAndLoginWithValidEmailPass" time="30.744"/>
  <testcase classname="com.automationFW.tests.LoginUser" name="verifyUserIsAbletoSignupAndLoginWithValidEmailPassAndDeleteAccount" time="15.385"/>
</testsuite> <!-- com.automationFW.tests.LoginUser -->
