<?xml version="1.0" encoding="UTF-8"?>
<!-- Generated by org.testng.reporters.JUnitReportReporter -->
<testsuite hostname="HELLLO" failures="0" tests="1" name="com.automationFW.tests.LoginUserWithCorrectEmailPassword" time="27.010" errors="0" timestamp="2024-09-03T00:42:39 IST" skipped="0">
  <testcase classname="com.automationFW.tests.LoginUserWithCorrectEmailPassword" name="verifyUserIsAbletoSignupAndLoginWithValidEmailPass" time="27.010"/>
</testsuite> <!-- com.automationFW.tests.LoginUserWithCorrectEmailPassword -->
