<?xml version="1.0" encoding="UTF-8"?>
<!-- Generated by org.testng.reporters.JUnitReportReporter -->
<testsuite hostname="HELLLO" failures="0" tests="1" name="com.automationFW.tests.ContactUs" time="10.007" errors="0" timestamp="2024-09-20T14:05:52 IST" skipped="0">
  <testcase classname="com.automationFW.tests.ContactUs" name="verifyUserIsAbleToSendContactUsSuccessfully" time="10.007"/>
</testsuite> <!-- com.automationFW.tests.ContactUs -->
