<?xml version="1.0" encoding="UTF-8"?>
<!-- Generated by org.testng.reporters.JUnitReportReporter -->
<testsuite hostname="DESKTOP-8C0LO3K" failures="0" tests="1" name="com.demowebshop.tests.RegisterationErrors" time="7.378" errors="0" timestamp="2024-06-15T19:44:59 IST" skipped="0">
  <testcase classname="com.demowebshop.tests.RegisterationErrors" name="verifyRegisterationErrorMsgs" time="7.378"/>
</testsuite> <!-- com.demowebshop.tests.RegisterationErrors -->
