<?xml version="1.0" encoding="UTF-8"?>
<!-- Generated by org.testng.reporters.JUnitReportReporter -->
<testsuite hostname="DESKTOP-8C0LO3K" failures="0" tests="1" name="com.demowebshop.Utils.ExcelReader" time="0.561" errors="0" timestamp="2024-06-15T12:43:22 IST" skipped="0">
  <testcase classname="com.demowebshop.Utils.ExcelReader" name="readData" time="0.561"/>
</testsuite> <!-- com.demowebshop.Utils.ExcelReader -->
