<?xml version="1.0" encoding="UTF-8"?>
<!-- Generated by org.testng.reporters.JUnitReportReporter -->
<testsuite hostname="HELLLO" failures="0" tests="1" name="com.demowebshop.tests.DataDrivenRegisteration" time="23.974" errors="0" timestamp="2024-07-23T01:23:14 IST" skipped="0">
  <testcase classname="com.demowebshop.tests.DataDrivenRegisteration" name="verifyUserisAbleToRegisterMultiplePersons" time="23.974"/>
</testsuite> <!-- com.demowebshop.tests.DataDrivenRegisteration -->
