<?xml version="1.0" encoding="UTF-8"?>
<!-- Generated by org.testng.reporters.JUnitReportReporter -->
<testsuite hostname="DESKTOP-8C0LO3K" failures="0" tests="1" name="com.demowebshop.tests.SubscriptionTest" time="10.563" errors="0" timestamp="2024-06-22T12:47:23 IST" skipped="0">
  <testcase classname="com.demowebshop.tests.SubscriptionTest" name="verifyUserIsAbleToSubscribe" time="10.563"/>
</testsuite> <!-- com.demowebshop.tests.SubscriptionTest -->
