<?xml version="1.0" encoding="UTF-8"?>
<!-- Generated by org.testng.reporters.JUnitReportReporter -->
<testsuite hostname="HELLLO" failures="0" tests="4" name="com.automationFW.tests.LoginUser" time="83.110" errors="0" timestamp="2024-09-12T21:55:45 IST" skipped="0">
  <testcase classname="com.automationFW.tests.LoginUser" name="verifyUserIsAbletoSignupAndLoginWithValidEmailPass" time="33.422"/>
  <testcase classname="com.automationFW.tests.LoginUser" name="verifyUserIsNotAbletoLoginWithIncorrectEmailAndPass" time="16.206"/>
  <testcase classname="com.automationFW.tests.LoginUser" name="verifyUserIsNotAbletoRegisterWithExistingEMail" time="15.415"/>
  <testcase classname="com.automationFW.tests.LoginUser" name="verifyUserIsAbletoSignupAndLoginWithValidEmailPassAndDeleteAccount" time="18.067"/>
</testsuite> <!-- com.automationFW.tests.LoginUser -->
