<?xml version="1.0" encoding="UTF-8"?>
<!-- Generated by org.testng.reporters.JUnitReportReporter -->
<testsuite hostname="HELLLO" failures="0" tests="1" name="com.automationFW.tests.RegisterUser" time="29.928" errors="0" timestamp="2024-09-14T13:54:31 IST" skipped="0">
  <testcase classname="com.automationFW.tests.RegisterUser" name="verifyUserIsAbletoRegisterWithValidCreds" time="29.928"/>
</testsuite> <!-- com.automationFW.tests.RegisterUser -->
