<?xml version="1.0" encoding="UTF-8"?>
<!-- Generated by org.testng.reporters.JUnitReportReporter -->
<testsuite hostname="HELLLO" failures="0" tests="1" name="com.automationFW.tests.RegisterationTest" time="15.051" errors="0" timestamp="2024-08-20T14:31:48 IST" skipped="0">
  <testcase classname="com.automationFW.tests.RegisterationTest" name="verifyUserIsAbletoSignupWithValidCreds" time="15.051"/>
</testsuite> <!-- com.automationFW.tests.RegisterationTest -->
