<?xml version="1.0" encoding="UTF-8"?>
<!-- Generated by org.testng.reporters.JUnitReportReporter -->
<testsuite hostname="DESKTOP-8C0LO3K" failures="0" tests="1" name="com.demowebshop.tests.AddToCart" time="7.624" errors="0" timestamp="2024-06-10T12:23:29 IST" skipped="0">
  <testcase classname="com.demowebshop.tests.AddToCart" name="verifyUserIsAbleToAddProductToCart" time="7.624"/>
</testsuite> <!-- com.demowebshop.tests.AddToCart -->
