<?xml version="1.0" encoding="UTF-8"?>
<!-- Generated by org.testng.reporters.JUnitReportReporter -->
<testsuite hostname="DESKTOP-8C0LO3K" failures="0" tests="1" name="com.demowebshop.tests.SignupTest" time="8.430" errors="0" timestamp="2024-06-10T11:34:11 IST" skipped="0">
  <testcase classname="com.demowebshop.tests.SignupTest" name="verifyUserIsAbletoSignupWithValidCreds" time="8.430"/>
</testsuite> <!-- com.demowebshop.tests.SignupTest -->
