<?xml version="1.0" encoding="UTF-8"?>
<!-- Generated by org.testng.reporters.JUnitReportReporter -->
<testsuite hostname="HELLLO" failures="0" tests="1" name="com.automationFW.Utils.ExcelReader" time="1.613" errors="0" timestamp="2024-09-04T16:34:22 IST" skipped="0">
  <testcase classname="com.automationFW.Utils.ExcelReader" name="incorrectLoginDatafromExcel" time="1.613"/>
</testsuite> <!-- com.automationFW.Utils.ExcelReader -->
