<?xml version="1.0" encoding="UTF-8"?>
<!-- Generated by org.testng.reporters.JUnitReportReporter -->
<testsuite hostname="HELLLO" failures="0" tests="1" name="com.automationFW.tests.LoginUserWithCorrectEmailPassword" time="34.463" errors="0" timestamp="2024-09-03T01:17:54 IST" skipped="0">
  <testcase classname="com.automationFW.tests.LoginUserWithCorrectEmailPassword" name="verifyUserIsAbletoSignupAndLoginWithValidEmailPassAndDeleteAccount" time="34.463"/>
</testsuite> <!-- com.automationFW.tests.LoginUserWithCorrectEmailPassword -->
