<?xml version="1.0" encoding="UTF-8"?>
<!-- Generated by org.testng.reporters.JUnitReportReporter -->
<testsuite hostname="HELLLO" failures="0" tests="1" name="com.automationFW.tests.RegisterUser" time="15.999" errors="0" timestamp="2024-08-22T00:16:42 IST" skipped="0">
  <testcase classname="com.automationFW.tests.RegisterUser" name="verifyUserIsAbletoRegisterWithValidCreds" time="15.999"/>
</testsuite> <!-- com.automationFW.tests.RegisterUser -->
